[2026-07-04T07:45:48.596Z] Error: Post-processor "Prettier" exited with code 2:
[[31merror[39m] library/shared/api-client/src/lib/client.gen.ts: SyntaxError: Unexpected keyword or identifier. (1:1)
[[31merror[39m] [0m[31m[1m>[22m[39m[90m 1 |[39m eslint disable [33m@[39mtypescript[33m-[39meslint[33m/[39mno[33m-[39mempty[33m-[39m[36minterface[39m
[[31merror[39m]  [90m   |[39m [31m[1m^[22m[39m
[[31merror[39m]  [90m 2 |[39m [90m// This file is auto-generated by @hey-api/openapi-ts[39m
[[31merror[39m]  [90m 3 |[39m
[[31merror[39m]  [90m 4 |[39m [36mimport[39m { type [33mClient[39m[33m,[39m type [33mClientOptions[39m[33m,[39m type [33mConfig[39m[33m,[39m createClient[33m,[39m createConfig } [36mfrom[39m [32m'./client'[39m[33m;[39m[0m
[[31merror[39m] library/shared/api-client/src/lib/client/client.gen.ts: SyntaxError: Unexpected keyword or identifier. (1:1)
[[31merror[39m] [0m[31m[1m>[22m[39m[90m 1 |[39m eslint disable [33m@[39mtypescript[33m-[39meslint[33m/[39mno[33m-[39mempty[33m-[39m[36minterface[39m
[[31merror[39m]  [90m   |[39m [31m[1m^[22m[39m
[[31merror[39m]  [90m 2 |[39m [90m// This file is auto-generated by @hey-api/openapi-ts[39m
[[31merror[39m]  [90m 3 |[39m
[[31merror[39m]  [90m 4 |[39m [36mimport[39m { createSseClient } [36mfrom[39m [32m'../core/serverSentEvents.gen'[39m[33m;[39m[0m
[[31merror[39m] library/shared/api-client/src/lib/client/index.ts: SyntaxError: Unexpected keyword or identifier. (1:1)
[[31merror[39m] [0m[31m[1m>[22m[39m[90m 1 |[39m eslint disable [33m@[39mtypescript[33m-[39meslint[33m/[39mno[33m-[39mempty[33m-[39m[36minterface[39m
[[31merror[39m]  [90m   |[39m [31m[1m^[22m[39m
[[31merror[39m]  [90m 2 |[39m [90m// This file is auto-generated by @hey-api/openapi-ts[39m
[[31merror[39m]  [90m 3 |[39m
[[31merror[39m]  [90m 4 |[39m [36mexport[39m type { [33mAuth[39m } [36mfrom[39m [32m'../core/auth.gen'[39m[33m;[39m[0m
[[31merror[39m] library/shared/api-client/src/lib/client/types.gen.ts: SyntaxError: Unexpected keyword or identifier. (1:1)
[[31merror[39m] [0m[31m[1m>[22m[39m[90m 1 |[39m eslint disable [33m@[39mtypescript[33m-[39meslint[33m/[39mno[33m-[39mempty[33m-[39m[36minterface[39m
[[31merror[39m]  [90m   |[39m [31m[1m^[22m[39m
[[31merror[39m]  [90m 2 |[39m [90m// This file is auto-generated by @hey-api/openapi-ts[39m
[[31merror[39m]  [90m 3 |[39m
[[31merror[39m]  [90m 4 |[39m [36mimport[39m type { [33mAuth[39m } [36mfrom[39m [32m'../core/auth.gen'[39m[33m;[39m[0m
[[31merror[39m] library/shared/api-client/src/lib/client/utils.gen.ts: SyntaxError: Unexpected keyword or identifier. (1:1)
[[31merror[39m] [0m[31m[1m>[22m[39m[90m 1 |[39m eslint disable [33m@[39mtypescript[33m-[39meslint[33m/[39mno[33m-[39mempty[33m-[39m[36minterface[39m
[[31merror[39m]  [90m   |[39m [31m[1m^[22m[39m
[[31merror[39m]  [90m 2 |[39m [90m// This file is auto-generated by @hey-api/openapi-ts[39m
[[31merror[39m]  [90m 3 |[39m
[[31merror[39m]  [90m 4 |[39m [36mimport[39m { getAuthToken } [36mfrom[39m [32m'../core/auth.gen'[39m[33m;[39m[0m
[[31merror[39m] library/shared/api-client/src/lib/core/auth.gen.ts: SyntaxError: Unexpected keyword or identifier. (1:1)
[[31merror[39m] [0m[31m[1m>[22m[39m[90m 1 |[39m eslint disable [33m@[39mtypescript[33m-[39meslint[33m/[39mno[33m-[39mempty[33m-[39m[36minterface[39m
[[31merror[39m]  [90m   |[39m [31m[1m^[22m[39m
[[31merror[39m]  [90m 2 |[39m [90m// This file is auto-generated by @hey-api/openapi-ts[39m
[[31merror[39m]  [90m 3 |[39m
[[31merror[39m]  [90m 4 |[39m [36mexport[39m type [33mAuthToken[39m [33m=[39m string [33m|[39m undefined[33m;[39m[0m
[[31merror[39m] library/shared/api-client/src/lib/core/bodySerializer.gen.ts: SyntaxError: Unexpected keyword or identifier. (1:1)
[[31merror[39m] [0m[31m[1m>[22m[39m[90m 1 |[39m eslint disable [33m@[39mtypescript[33m-[39meslint[33m/[39mno[33m-[39mempty[33m-[39m[36minterface[39m
[[31merror[39m]  [90m   |[39m [31m[1m^[22m[39m
[[31merror[39m]  [90m 2 |[39m [90m// This file is auto-generated by @hey-api/openapi-ts[39m
[[31merror[39m]  [90m 3 |[39m
[[31merror[39m]  [90m 4 |[39m [36mimport[39m type { [33mArrayStyle[39m[33m,[39m [33mObjectStyle[39m[33m,[39m [33mSerializerOptions[39m } [36mfrom[39m [32m'./pathSerializer.gen'[39m[33m;[39m[0m
[[31merror[39m] library/shared/api-client/src/lib/core/params.gen.ts: SyntaxError: Unexpected keyword or identifier. (1:1)
[[31merror[39m] [0m[31m[1m>[22m[39m[90m 1 |[39m eslint disable [33m@[39mtypescript[33m-[39meslint[33m/[39mno[33m-[39mempty[33m-[39m[36minterface[39m
[[31merror[39m]  [90m   |[39m [31m[1m^[22m[39m
[[31merror[39m]  [90m 2 |[39m [90m// This file is auto-generated by @hey-api/openapi-ts[39m
[[31merror[39m]  [90m 3 |[39m
[[31merror[39m]  [90m 4 |[39m type [33mSlot[39m [33m=[39m [32m'body'[39m [33m|[39m [32m'headers'[39m [33m|[39m [32m'path'[39m [33m|[39m [32m'query'[39m[33m;[39m[0m
[[31merror[39m] library/shared/api-client/src/lib/core/pathSerializer.gen.ts: SyntaxError: Unexpected keyword or identifier. (1:1)
[[31merror[39m] [0m[31m[1m>[22m[39m[90m 1 |[39m eslint disable [33m@[39mtypescript[33m-[39meslint[33m/[39mno[33m-[39mempty[33m-[39m[36minterface[39m
[[31merror[39m]  [90m   |[39m [31m[1m^[22m[39m
[[31merror[39m]  [90m 2 |[39m [90m// This file is auto-generated by @hey-api/openapi-ts[39m
[[31merror[39m]  [90m 3 |[39m
[[31merror[39m]  [90m 4 |[39m [36minterface[39m [33mSerializeOptions[39m[33m<[39m[33mT[39m[33m>[39m [36mextends[39m [33mSerializePrimitiveOptions[39m[33m,[39m [33mSerializerOptions[39m[33m<[39m[33mT[39m[33m>[39m {}[0m
[[31merror[39m] library/shared/api-client/src/lib/core/queryKeySerializer.gen.ts: SyntaxError: Unexpected keyword or identifier. (1:1)
[[31merror[39m] [0m[31m[1m>[22m[39m[90m 1 |[39m eslint disable [33m@[39mtypescript[33m-[39meslint[33m/[39mno[33m-[39mempty[33m-[39m[36minterface[39m
[[31merror[39m]  [90m   |[39m [31m[1m^[22m[39m
[[31merror[39m]  [90m 2 |[39m [90m// This file is auto-generated by @hey-api/openapi-ts[39m
[[31merror[39m]  [90m 3 |[39m
[[31merror[39m]  [90m 4 |[39m [90m/**[39m[0m
[[31merror[39m] library/shared/api-client/src/lib/core/serverSentEvents.gen.ts: SyntaxError: Unexpected keyword or identifier. (1:1)
[[31merror[39m] [0m[31m[1m>[22m[39m[90m 1 |[39m eslint disable [33m@[39mtypescript[33m-[39meslint[33m/[39mno[33m-[39mempty[33m-[39m[36minterface[39m
[[31merror[39m]  [90m   |[39m [31m[1m^[22m[39m
[[31merror[39m]  [90m 2 |[39m [90m// This file is auto-generated by @hey-api/openapi-ts[39m
[[31merror[39m]  [90m 3 |[39m
[[31merror[39m]  [90m 4 |[39m [36mimport[39m type { [33mConfig[39m } [36mfrom[39m [32m'./types.gen'[39m[33m;[39m[0m
[[31merror[39m] library/shared/api-client/src/lib/core/types.gen.ts: SyntaxError: Unexpected keyword or identifier. (1:1)
[[31merror[39m] [0m[31m[1m>[22m[39m[90m 1 |[39m eslint disable [33m@[39mtypescript[33m-[39meslint[33m/[39mno[33m-[39mempty[33m-[39m[36minterface[39m
[[31merror[39m]  [90m   |[39m [31m[1m^[22m[39m
[[31merror[39m]  [90m 2 |[39m [90m// This file is auto-generated by @hey-api/openapi-ts[39m
[[31merror[39m]  [90m 3 |[39m
[[31merror[39m]  [90m 4 |[39m [36mimport[39m type { [33mAuth[39m[33m,[39m [33mAuthToken[39m } [36mfrom[39m [32m'./auth.gen'[39m[33m;[39m[0m
[[31merror[39m] library/shared/api-client/src/lib/core/utils.gen.ts: SyntaxError: Unexpected keyword or identifier. (1:1)
[[31merror[39m] [0m[31m[1m>[22m[39m[90m 1 |[39m eslint disable [33m@[39mtypescript[33m-[39meslint[33m/[39mno[33m-[39mempty[33m-[39m[36minterface[39m
[[31merror[39m]  [90m   |[39m [31m[1m^[22m[39m
[[31merror[39m]  [90m 2 |[39m [90m// This file is auto-generated by @hey-api/openapi-ts[39m
[[31merror[39m]  [90m 3 |[39m
[[31merror[39m]  [90m 4 |[39m [36mimport[39m type { [33mBodySerializer[39m[33m,[39m [33mQuerySerializer[39m } [36mfrom[39m [32m'./bodySerializer.gen'[39m[33m;[39m[0m
[[31merror[39m] library/shared/api-client/src/lib/index.ts: SyntaxError: Unexpected keyword or identifier. (1:1)
[[31merror[39m] [0m[31m[1m>[22m[39m[90m 1 |[39m eslint disable [33m@[39mtypescript[33m-[39meslint[33m/[39mno[33m-[39mempty[33m-[39m[36minterface[39m
[[31merror[39m]  [90m   |[39m [31m[1m^[22m[39m
[[31merror[39m]  [90m 2 |[39m [90m// This file is auto-generated by @hey-api/openapi-ts[39m
[[31merror[39m]  [90m 3 |[39m
[[31merror[39m]  [90m 4 |[39m [36mexport[39m { [33mApiService[39m[33m,[39m type [33mOptions[39m } [36mfrom[39m [32m'./sdk.gen'[39m[33m;[39m[0m
[[31merror[39m] library/shared/api-client/src/lib/sdk.gen.ts: SyntaxError: Unexpected keyword or identifier. (1:1)
[[31merror[39m] [0m[31m[1m>[22m[39m[90m 1 |[39m eslint disable [33m@[39mtypescript[33m-[39meslint[33m/[39mno[33m-[39mempty[33m-[39m[36minterface[39m
[[31merror[39m]  [90m   |[39m [31m[1m^[22m[39m
[[31merror[39m]  [90m 2 |[39m [90m// This file is auto-generated by @hey-api/openapi-ts[39m
[[31merror[39m]  [90m 3 |[39m
[[31merror[39m]  [90m 4 |[39m [36mimport[39m { type [33mClient[39m[33m,[39m type [33mClientMeta[39m[33m,[39m formDataBodySerializer[33m,[39m type [33mOptions[39m [36mas[39m [33mOptions2[39m[33m,[39m type [33mRequestResult[39m[33m,[39m type [33mTDataShape[39m } [36mfrom[39m [32m'./client'[39m[33m;[39m[0m
[[31merror[39m] library/shared/api-client/src/lib/types.gen.ts: SyntaxError: Unexpected keyword or identifier. (1:1)
[[31merror[39m] [0m[31m[1m>[22m[39m[90m 1 |[39m eslint disable [33m@[39mtypescript[33m-[39meslint[33m/[39mno[33m-[39mempty[33m-[39m[36minterface[39m
[[31merror[39m]  [90m   |[39m [31m[1m^[22m[39m
[[31merror[39m]  [90m 2 |[39m [90m// This file is auto-generated by @hey-api/openapi-ts[39m
[[31merror[39m]  [90m 3 |[39m
[[31merror[39m]  [90m 4 |[39m [36mexport[39m type [33mClientOptions[39m [33m=[39m {[0m
Stack:
ConfigError: Post-processor "Prettier" exited with code 2:
[[31merror[39m] library/shared/api-client/src/lib/client.gen.ts: SyntaxError: Unexpected keyword or identifier. (1:1)
[[31merror[39m] [0m[31m[1m>[22m[39m[90m 1 |[39m eslint disable [33m@[39mtypescript[33m-[39meslint[33m/[39mno[33m-[39mempty[33m-[39m[36minterface[39m
[[31merror[39m]  [90m   |[39m [31m[1m^[22m[39m
[[31merror[39m]  [90m 2 |[39m [90m// This file is auto-generated by @hey-api/openapi-ts[39m
[[31merror[39m]  [90m 3 |[39m
[[31merror[39m]  [90m 4 |[39m [36mimport[39m { type [33mClient[39m[33m,[39m type [33mClientOptions[39m[33m,[39m type [33mConfig[39m[33m,[39m createClient[33m,[39m createConfig } [36mfrom[39m [32m'./client'[39m[33m;[39m[0m
[[31merror[39m] library/shared/api-client/src/lib/client/client.gen.ts: SyntaxError: Unexpected keyword or identifier. (1:1)
[[31merror[39m] [0m[31m[1m>[22m[39m[90m 1 |[39m eslint disable [33m@[39mtypescript[33m-[39meslint[33m/[39mno[33m-[39mempty[33m-[39m[36minterface[39m
[[31merror[39m]  [90m   |[39m [31m[1m^[22m[39m
[[31merror[39m]  [90m 2 |[39m [90m// This file is auto-generated by @hey-api/openapi-ts[39m
[[31merror[39m]  [90m 3 |[39m
[[31merror[39m]  [90m 4 |[39m [36mimport[39m { createSseClient } [36mfrom[39m [32m'../core/serverSentEvents.gen'[39m[33m;[39m[0m
[[31merror[39m] library/shared/api-client/src/lib/client/index.ts: SyntaxError: Unexpected keyword or identifier. (1:1)
[[31merror[39m] [0m[31m[1m>[22m[39m[90m 1 |[39m eslint disable [33m@[39mtypescript[33m-[39meslint[33m/[39mno[33m-[39mempty[33m-[39m[36minterface[39m
[[31merror[39m]  [90m   |[39m [31m[1m^[22m[39m
[[31merror[39m]  [90m 2 |[39m [90m// This file is auto-generated by @hey-api/openapi-ts[39m
[[31merror[39m]  [90m 3 |[39m
[[31merror[39m]  [90m 4 |[39m [36mexport[39m type { [33mAuth[39m } [36mfrom[39m [32m'../core/auth.gen'[39m[33m;[39m[0m
[[31merror[39m] library/shared/api-client/src/lib/client/types.gen.ts: SyntaxError: Unexpected keyword or identifier. (1:1)
[[31merror[39m] [0m[31m[1m>[22m[39m[90m 1 |[39m eslint disable [33m@[39mtypescript[33m-[39meslint[33m/[39mno[33m-[39mempty[33m-[39m[36minterface[39m
[[31merror[39m]  [90m   |[39m [31m[1m^[22m[39m
[[31merror[39m]  [90m 2 |[39m [90m// This file is auto-generated by @hey-api/openapi-ts[39m
[[31merror[39m]  [90m 3 |[39m
[[31merror[39m]  [90m 4 |[39m [36mimport[39m type { [33mAuth[39m } [36mfrom[39m [32m'../core/auth.gen'[39m[33m;[39m[0m
[[31merror[39m] library/shared/api-client/src/lib/client/utils.gen.ts: SyntaxError: Unexpected keyword or identifier. (1:1)
[[31merror[39m] [0m[31m[1m>[22m[39m[90m 1 |[39m eslint disable [33m@[39mtypescript[33m-[39meslint[33m/[39mno[33m-[39mempty[33m-[39m[36minterface[39m
[[31merror[39m]  [90m   |[39m [31m[1m^[22m[39m
[[31merror[39m]  [90m 2 |[39m [90m// This file is auto-generated by @hey-api/openapi-ts[39m
[[31merror[39m]  [90m 3 |[39m
[[31merror[39m]  [90m 4 |[39m [36mimport[39m { getAuthToken } [36mfrom[39m [32m'../core/auth.gen'[39m[33m;[39m[0m
[[31merror[39m] library/shared/api-client/src/lib/core/auth.gen.ts: SyntaxError: Unexpected keyword or identifier. (1:1)
[[31merror[39m] [0m[31m[1m>[22m[39m[90m 1 |[39m eslint disable [33m@[39mtypescript[33m-[39meslint[33m/[39mno[33m-[39mempty[33m-[39m[36minterface[39m
[[31merror[39m]  [90m   |[39m [31m[1m^[22m[39m
[[31merror[39m]  [90m 2 |[39m [90m// This file is auto-generated by @hey-api/openapi-ts[39m
[[31merror[39m]  [90m 3 |[39m
[[31merror[39m]  [90m 4 |[39m [36mexport[39m type [33mAuthToken[39m [33m=[39m string [33m|[39m undefined[33m;[39m[0m
[[31merror[39m] library/shared/api-client/src/lib/core/bodySerializer.gen.ts: SyntaxError: Unexpected keyword or identifier. (1:1)
[[31merror[39m] [0m[31m[1m>[22m[39m[90m 1 |[39m eslint disable [33m@[39mtypescript[33m-[39meslint[33m/[39mno[33m-[39mempty[33m-[39m[36minterface[39m
[[31merror[39m]  [90m   |[39m [31m[1m^[22m[39m
[[31merror[39m]  [90m 2 |[39m [90m// This file is auto-generated by @hey-api/openapi-ts[39m
[[31merror[39m]  [90m 3 |[39m
[[31merror[39m]  [90m 4 |[39m [36mimport[39m type { [33mArrayStyle[39m[33m,[39m [33mObjectStyle[39m[33m,[39m [33mSerializerOptions[39m } [36mfrom[39m [32m'./pathSerializer.gen'[39m[33m;[39m[0m
[[31merror[39m] library/shared/api-client/src/lib/core/params.gen.ts: SyntaxError: Unexpected keyword or identifier. (1:1)
[[31merror[39m] [0m[31m[1m>[22m[39m[90m 1 |[39m eslint disable [33m@[39mtypescript[33m-[39meslint[33m/[39mno[33m-[39mempty[33m-[39m[36minterface[39m
[[31merror[39m]  [90m   |[39m [31m[1m^[22m[39m
[[31merror[39m]  [90m 2 |[39m [90m// This file is auto-generated by @hey-api/openapi-ts[39m
[[31merror[39m]  [90m 3 |[39m
[[31merror[39m]  [90m 4 |[39m type [33mSlot[39m [33m=[39m [32m'body'[39m [33m|[39m [32m'headers'[39m [33m|[39m [32m'path'[39m [33m|[39m [32m'query'[39m[33m;[39m[0m
[[31merror[39m] library/shared/api-client/src/lib/core/pathSerializer.gen.ts: SyntaxError: Unexpected keyword or identifier. (1:1)
[[31merror[39m] [0m[31m[1m>[22m[39m[90m 1 |[39m eslint disable [33m@[39mtypescript[33m-[39meslint[33m/[39mno[33m-[39mempty[33m-[39m[36minterface[39m
[[31merror[39m]  [90m   |[39m [31m[1m^[22m[39m
[[31merror[39m]  [90m 2 |[39m [90m// This file is auto-generated by @hey-api/openapi-ts[39m
[[31merror[39m]  [90m 3 |[39m
[[31merror[39m]  [90m 4 |[39m [36minterface[39m [33mSerializeOptions[39m[33m<[39m[33mT[39m[33m>[39m [36mextends[39m [33mSerializePrimitiveOptions[39m[33m,[39m [33mSerializerOptions[39m[33m<[39m[33mT[39m[33m>[39m {}[0m
[[31merror[39m] library/shared/api-client/src/lib/core/queryKeySerializer.gen.ts: SyntaxError: Unexpected keyword or identifier. (1:1)
[[31merror[39m] [0m[31m[1m>[22m[39m[90m 1 |[39m eslint disable [33m@[39mtypescript[33m-[39meslint[33m/[39mno[33m-[39mempty[33m-[39m[36minterface[39m
[[31merror[39m]  [90m   |[39m [31m[1m^[22m[39m
[[31merror[39m]  [90m 2 |[39m [90m// This file is auto-generated by @hey-api/openapi-ts[39m
[[31merror[39m]  [90m 3 |[39m
[[31merror[39m]  [90m 4 |[39m [90m/**[39m[0m
[[31merror[39m] library/shared/api-client/src/lib/core/serverSentEvents.gen.ts: SyntaxError: Unexpected keyword or identifier. (1:1)
[[31merror[39m] [0m[31m[1m>[22m[39m[90m 1 |[39m eslint disable [33m@[39mtypescript[33m-[39meslint[33m/[39mno[33m-[39mempty[33m-[39m[36minterface[39m
[[31merror[39m]  [90m   |[39m [31m[1m^[22m[39m
[[31merror[39m]  [90m 2 |[39m [90m// This file is auto-generated by @hey-api/openapi-ts[39m
[[31merror[39m]  [90m 3 |[39m
[[31merror[39m]  [90m 4 |[39m [36mimport[39m type { [33mConfig[39m } [36mfrom[39m [32m'./types.gen'[39m[33m;[39m[0m
[[31merror[39m] library/shared/api-client/src/lib/core/types.gen.ts: SyntaxError: Unexpected keyword or identifier. (1:1)
[[31merror[39m] [0m[31m[1m>[22m[39m[90m 1 |[39m eslint disable [33m@[39mtypescript[33m-[39meslint[33m/[39mno[33m-[39mempty[33m-[39m[36minterface[39m
[[31merror[39m]  [90m   |[39m [31m[1m^[22m[39m
[[31merror[39m]  [90m 2 |[39m [90m// This file is auto-generated by @hey-api/openapi-ts[39m
[[31merror[39m]  [90m 3 |[39m
[[31merror[39m]  [90m 4 |[39m [36mimport[39m type { [33mAuth[39m[33m,[39m [33mAuthToken[39m } [36mfrom[39m [32m'./auth.gen'[39m[33m;[39m[0m
[[31merror[39m] library/shared/api-client/src/lib/core/utils.gen.ts: SyntaxError: Unexpected keyword or identifier. (1:1)
[[31merror[39m] [0m[31m[1m>[22m[39m[90m 1 |[39m eslint disable [33m@[39mtypescript[33m-[39meslint[33m/[39mno[33m-[39mempty[33m-[39m[36minterface[39m
[[31merror[39m]  [90m   |[39m [31m[1m^[22m[39m
[[31merror[39m]  [90m 2 |[39m [90m// This file is auto-generated by @hey-api/openapi-ts[39m
[[31merror[39m]  [90m 3 |[39m
[[31merror[39m]  [90m 4 |[39m [36mimport[39m type { [33mBodySerializer[39m[33m,[39m [33mQuerySerializer[39m } [36mfrom[39m [32m'./bodySerializer.gen'[39m[33m;[39m[0m
[[31merror[39m] library/shared/api-client/src/lib/index.ts: SyntaxError: Unexpected keyword or identifier. (1:1)
[[31merror[39m] [0m[31m[1m>[22m[39m[90m 1 |[39m eslint disable [33m@[39mtypescript[33m-[39meslint[33m/[39mno[33m-[39mempty[33m-[39m[36minterface[39m
[[31merror[39m]  [90m   |[39m [31m[1m^[22m[39m
[[31merror[39m]  [90m 2 |[39m [90m// This file is auto-generated by @hey-api/openapi-ts[39m
[[31merror[39m]  [90m 3 |[39m
[[31merror[39m]  [90m 4 |[39m [36mexport[39m { [33mApiService[39m[33m,[39m type [33mOptions[39m } [36mfrom[39m [32m'./sdk.gen'[39m[33m;[39m[0m
[[31merror[39m] library/shared/api-client/src/lib/sdk.gen.ts: SyntaxError: Unexpected keyword or identifier. (1:1)
[[31merror[39m] [0m[31m[1m>[22m[39m[90m 1 |[39m eslint disable [33m@[39mtypescript[33m-[39meslint[33m/[39mno[33m-[39mempty[33m-[39m[36minterface[39m
[[31merror[39m]  [90m   |[39m [31m[1m^[22m[39m
[[31merror[39m]  [90m 2 |[39m [90m// This file is auto-generated by @hey-api/openapi-ts[39m
[[31merror[39m]  [90m 3 |[39m
[[31merror[39m]  [90m 4 |[39m [36mimport[39m { type [33mClient[39m[33m,[39m type [33mClientMeta[39m[33m,[39m formDataBodySerializer[33m,[39m type [33mOptions[39m [36mas[39m [33mOptions2[39m[33m,[39m type [33mRequestResult[39m[33m,[39m type [33mTDataShape[39m } [36mfrom[39m [32m'./client'[39m[33m;[39m[0m
[[31merror[39m] library/shared/api-client/src/lib/types.gen.ts: SyntaxError: Unexpected keyword or identifier. (1:1)
[[31merror[39m] [0m[31m[1m>[22m[39m[90m 1 |[39m eslint disable [33m@[39mtypescript[33m-[39meslint[33m/[39mno[33m-[39mempty[33m-[39m[36minterface[39m
[[31merror[39m]  [90m   |[39m [31m[1m^[22m[39m
[[31merror[39m]  [90m 2 |[39m [90m// This file is auto-generated by @hey-api/openapi-ts[39m
[[31merror[39m]  [90m 3 |[39m
[[31merror[39m]  [90m 4 |[39m [36mexport[39m type [33mClientOptions[39m [33m=[39m {[0m
    at postprocessOutput (/Users/samsimson/Development/touring.club/touring.club/node_modules/.bun/@hey-api+shared@0.5.0/node_modules/@hey-api/shared/dist/index.mjs:863:14)
    at createClient$1 (/Users/samsimson/Development/touring.club/touring.club/node_modules/.bun/@hey-api+openapi-ts@0.99.0+1fb4c65d43e298b9/node_modules/@hey-api/openapi-ts/dist/src-CI9riJdm.mjs:159:4)
    at async <anonymous> (/Users/samsimson/Development/touring.club/touring.club/node_modules/.bun/@hey-api+openapi-ts@0.99.0+1fb4c65d43e298b9/node_modules/@hey-api/openapi-ts/dist/src-CI9riJdm.mjs:213:18)
    at async createClient (/Users/samsimson/Development/touring.club/touring.club/node_modules/.bun/@hey-api+openapi-ts@0.99.0+1fb4c65d43e298b9/node_modules/@hey-api/openapi-ts/dist/src-CI9riJdm.mjs:211:35)
    at processTicksAndRejections (native:7:39)
